<?xml version="1.0" encoding="UTF-8"?>
<testsuite xmlns:xsi="http://www.w3.org/2001/XMLSchema-instance" xsi:noNamespaceSchemaLocation="https://maven.apache.org/surefire/maven-surefire-plugin/xsd/surefire-test-report-3.0.xsd" version="3.0" name="com.example.controller.CalculatorControllerTest" time="0.389" tests="1" errors="0" skipped="0" failures="0">
  <properties>
[...]
</properties>
  <testcase name="testCalculate" classname="com.example.controller.CalculatorControllerTest" time="0.376">
    <system-err><![CDATA[Jan 24, 2023 6:23:58 AM org.springframework.mock.web.MockServletContext log
INFO: Initializing Spring TestDispatcherServlet ''
Jan 24, 2023 6:23:58 AM org.springframework.web.servlet.FrameworkServlet initServletBean
INFO: Initializing Servlet ''
Jan 24, 2023 6:23:58 AM org.springframework.web.servlet.FrameworkServlet initServletBean
INFO: Completed initialization in 2 ms
]]></system-err>
  </testcase>
</testsuite>